[20:59:13] [ServerMain/INFO]: [bootstrap] Running Java 21 (OpenJDK 64-Bit Server VM 21.0.6+7-LTS; Microsoft Microsoft-10800198) on Linux 6.8.0-1026-azure (amd64)
[20:59:13] [ServerMain/INFO]: [bootstrap] Loading Paper 1.21.4-227-ver/1.21.4@7675321 (2025-04-28T19:07:04Z) for Minecraft 1.21.4
[20:59:13] [ServerMain/INFO]: [PluginInitializerManager] Initializing plugins...
[20:59:13] [ServerMain/INFO]: [PluginInitializerManager] Initialized 0 plugins
[20:59:21] [ServerMain/INFO]: Environment: Environment[sessionHost=https://sessionserver.mojang.com, servicesHost=https://api.minecraftservices.com, name=PROD]
[20:59:21] [ServerMain/INFO]: Found new data pack file/bukkit, loading it automatically
[20:59:21] [ServerMain/INFO]: Found new data pack paper, loading it automatically
[20:59:23] [ServerMain/INFO]: No existing world data, creating new world
[20:59:24] [ServerMain/INFO]: Loaded 1370 recipes
[20:59:24] [ServerMain/INFO]: Loaded 1481 advancements
[20:59:24] [ServerMain/INFO]: [MCTypeRegistry] Initialising converters for DataConverter...
[20:59:25] [ServerMain/INFO]: [MCTypeRegistry] Finished initialising converters for DataConverter in 378.6ms
[20:59:25] [Server thread/INFO]: Starting minecraft server version 1.21.4
[20:59:25] [Server thread/INFO]: Loading properties
[20:59:25] [Server thread/INFO]: This server is running Paper version 1.21.4-227-ver/1.21.4@7675321 (2025-04-28T19:07:04Z) (Implementing API version 1.21.4-R0.1-SNAPSHOT)
[20:59:25] [Server thread/INFO]: [spark] This server bundles the spark profiler. For more information please visit https://docs.papermc.io/paper/profiling
[20:59:25] [Server thread/INFO]: Using 4 threads for Netty based IO
[20:59:25] [Server thread/INFO]: Server Ping Player Sample Count: 12
[20:59:27] [Server thread/INFO]: [MoonriseCommon] Paper is using 1 worker threads, 1 I/O threads
[20:59:27] [Server thread/INFO]: [ChunkTaskScheduler] Chunk system is using population gen parallelism: true
[20:59:27] [Server thread/INFO]: Default game type: SURVIVAL
[20:59:27] [Server thread/INFO]: Generating keypair
[20:59:27] [Server thread/INFO]: Starting Minecraft server on *:25565
[20:59:27] [Server thread/INFO]: Using epoll channel type
[20:59:28] [Server thread/INFO]: Paper: Using libdeflate (Linux x86_64) compression from Velocity.
[20:59:28] [Server thread/INFO]: Paper: Using OpenSSL 1.1.x (Linux x86_64) cipher from Velocity.
[20:59:28] [Server thread/INFO]: Preparing level "world"
[20:59:43] [Server thread/INFO]: Preparing start region for dimension minecraft:overworld
[20:59:43] [Server thread/INFO]: Preparing spawn area: 2%
[20:59:43] [Server thread/INFO]: Preparing spawn area: 2%
[20:59:44] [Server thread/INFO]: Preparing spawn area: 2%
[20:59:44] [Server thread/INFO]: Preparing spawn area: 2%
[20:59:45] [Server thread/INFO]: Preparing spawn area: 2%
[20:59:45] [Server thread/INFO]: Preparing spawn area: 2%
[20:59:46] [Server thread/INFO]: Preparing spawn area: 2%
[20:59:46] [Server thread/INFO]: Preparing spawn area: 4%
[20:59:47] [Server thread/INFO]: Preparing spawn area: 18%
[20:59:47] [Server thread/INFO]: Preparing spawn area: 18%
[20:59:48] [Server thread/INFO]: Preparing spawn area: 18%
[20:59:48] [Server thread/INFO]: Preparing spawn area: 18%
[20:59:49] [Server thread/INFO]: Preparing spawn area: 18%
[20:59:49] [Server thread/INFO]: Preparing spawn area: 18%
[20:59:50] [Server thread/INFO]: Preparing spawn area: 18%
[20:59:50] [Server thread/INFO]: Preparing spawn area: 34%
[20:59:51] [Server thread/INFO]: Preparing spawn area: 44%
[20:59:51] [Server thread/INFO]: Preparing spawn area: 51%
[20:59:52] [Server thread/INFO]: Preparing spawn area: 51%
[20:59:52] [Server thread/INFO]: Preparing spawn area: 59%
[20:59:53] [Server thread/INFO]: Preparing spawn area: 63%
[20:59:53] [Server thread/INFO]: Preparing spawn area: 71%
[20:59:53] [Server thread/INFO]: Time elapsed: 10680 ms
[20:59:53] [Server thread/INFO]: Preparing start region for dimension minecraft:the_nether
[20:59:53] [Server thread/INFO]: Preparing spawn area: 2%
[20:59:54] [Server thread/INFO]: Preparing spawn area: 4%
[20:59:54] [Server thread/INFO]: Preparing spawn area: 4%
[20:59:55] [Server thread/INFO]: Preparing spawn area: 24%
[20:59:55] [Server thread/INFO]: Preparing spawn area: 24%
[20:59:56] [Server thread/INFO]: Preparing spawn area: 61%
[20:59:56] [Server thread/INFO]: Preparing spawn area: 61%
[20:59:57] [Server thread/INFO]: Time elapsed: 3237 ms
[20:59:57] [Server thread/INFO]: Preparing start region for dimension minecraft:the_end
[20:59:57] [Server thread/INFO]: Preparing spawn area: 2%
[20:59:57] [Server thread/INFO]: Preparing spawn area: 22%
[20:59:57] [Server thread/INFO]: Time elapsed: 717 ms
[20:59:58] [Server thread/INFO]: [spark] Starting background profiler...
[20:59:58] [Server thread/INFO]: Done preparing level "world" (30.188s)
[20:59:58] [Server thread/INFO]: Running delayed init tasks
[20:59:58] [Server thread/INFO]: Done (46.529s)! For help, type "help"
[20:59:58] [Server thread/INFO]: *************************************************************************************
[20:59:58] [Server thread/INFO]: This is the first time you're starting this server.
[20:59:58] [Server thread/INFO]: It's recommended you read our 'Getting Started' documentation for guidance.
[20:59:58] [Server thread/INFO]: View this and more helpful information here: https://docs.papermc.io/paper/next-steps
[20:59:58] [Server thread/INFO]: *************************************************************************************
[21:01:09] [Server thread/INFO]: Stopping the server
[21:01:09] [Server thread/INFO]: Stopping server
[21:01:09] [Server thread/INFO]: Saving players
[21:01:09] [Server thread/INFO]: Saving worlds
[21:01:09] [Server thread/INFO]: Saving chunks for level 'ServerLevel[world]'/minecraft:overworld
[21:01:09] [Server thread/INFO]: [ChunkHolderManager] Waiting 60s for chunk system to halt for world 'world'
[21:01:09] [Server thread/INFO]: [ChunkHolderManager] Halted chunk system for world 'world'
[21:01:09] [Server thread/INFO]: [ChunkHolderManager] Saving all chunkholders for world 'world'
[21:01:11] [Server thread/INFO]: [ChunkHolderManager] Saved 841 block chunks, 49 entity chunks, 0 poi chunks in world 'world' in 1.59s
[21:01:11] [Server thread/INFO]: [ChunkHolderManager] Waiting 60s for chunk I/O to halt for world 'world'
[21:01:11] [Server thread/INFO]: [ChunkHolderManager] Halted I/O scheduler for world 'world'
[21:01:11] [Server thread/INFO]: Saving chunks for level 'ServerLevel[world_nether]'/minecraft:the_nether
[21:01:11] [Server thread/INFO]: [ChunkHolderManager] Waiting 60s for chunk system to halt for world 'world_nether'
[21:01:11] [Server thread/INFO]: [ChunkHolderManager] Halted chunk system for world 'world_nether'
[21:01:11] [Server thread/INFO]: [ChunkHolderManager] Saving all chunkholders for world 'world_nether'
[21:01:12] [Server thread/INFO]: [ChunkHolderManager] Saved 841 block chunks, 49 entity chunks, 0 poi chunks in world 'world_nether' in 0.63s
[21:01:12] [Server thread/INFO]: [ChunkHolderManager] Waiting 60s for chunk I/O to halt for world 'world_nether'
[21:01:12] [Server thread/INFO]: [ChunkHolderManager] Halted I/O scheduler for world 'world_nether'
[21:01:12] [Server thread/INFO]: Saving chunks for level 'ServerLevel[world_the_end]'/minecraft:the_end
[21:01:12] [Server thread/INFO]: [ChunkHolderManager] Waiting 60s for chunk system to halt for world 'world_the_end'
[21:01:12] [Server thread/INFO]: [ChunkHolderManager] Halted chunk system for world 'world_the_end'
[21:01:12] [Server thread/INFO]: [ChunkHolderManager] Saving all chunkholders for world 'world_the_end'
[21:01:12] [Server thread/INFO]: [ChunkHolderManager] Saved 841 block chunks, 49 entity chunks, 0 poi chunks in world 'world_the_end' in 0.45s
[21:01:12] [Server thread/INFO]: [ChunkHolderManager] Waiting 60s for chunk I/O to halt for world 'world_the_end'
[21:01:12] [Server thread/INFO]: [ChunkHolderManager] Halted I/O scheduler for world 'world_the_end'
[21:01:12] [Server thread/INFO]: ThreadedAnvilChunkStorage (world): All chunks are saved
[21:01:12] [Server thread/INFO]: ThreadedAnvilChunkStorage (DIM-1): All chunks are saved
[21:01:12] [Server thread/INFO]: ThreadedAnvilChunkStorage (DIM1): All chunks are saved
[21:01:12] [Server thread/INFO]: ThreadedAnvilChunkStorage: All dimensions are saved
[21:01:12] [Server thread/INFO]: Waiting for I/O tasks to complete...
[21:01:12] [Server thread/INFO]: All I/O tasks to complete
[21:01:12] [Server thread/INFO]: [MoonriseCommon] Awaiting termination of worker pool for up to 60s...
[21:01:12] [Server thread/INFO]: [MoonriseCommon] Awaiting termination of I/O pool for up to 60s...
